2025-08-26 19:16:06,340 - INFO - Loaded 0 cached encodings
2025-08-26 19:16:11,639 - INFO - Processing 1 staff members...
2025-08-26 19:16:11,728 - INFO - Cache saved successfully
2025-08-26 19:16:11,728 - INFO - Staff data updated: 1 encodings loaded
2025-08-26 19:16:13,064 - INFO - Staff data unchanged, skipping refresh
2025-08-26 19:16:13,834 - INFO - ✓ Attendance recorded: thoeurn ratha - check-in at 2025-08-26T19:16:13.820041
2025-08-26 19:16:18,857 - INFO - Skipping duplicate attendance for thoeurn ratha (cooldown active)
2025-08-26 19:16:20,006 - INFO - Skipping duplicate attendance for thoeurn ratha (cooldown active)
2025-08-26 19:16:20,692 - INFO - Skipping duplicate attendance for thoeurn ratha (cooldown active)
2025-08-26 19:16:21,870 - INFO - Skipping duplicate attendance for thoeurn ratha (cooldown active)
2025-08-26 19:16:22,569 - INFO - Skipping duplicate attendance for thoeurn ratha (cooldown active)
2025-08-26 19:16:23,250 - INFO - Skipping duplicate attendance for thoeurn ratha (cooldown active)
2025-08-26 19:16:23,966 - INFO - Skipping duplicate attendance for thoeurn ratha (cooldown active)
2025-08-26 19:16:24,653 - INFO - Skipping duplicate attendance for thoeurn ratha (cooldown active)
2025-08-26 19:16:25,368 - INFO - Skipping duplicate attendance for thoeurn ratha (cooldown active)
2025-08-26 19:16:26,072 - INFO - Skipping duplicate attendance for thoeurn ratha (cooldown active)
2025-08-26 19:16:26,758 - INFO - Skipping duplicate attendance for thoeurn ratha (cooldown active)
2025-08-26 19:16:27,670 - INFO - Skipping duplicate attendance for thoeurn ratha (cooldown active)
2025-08-26 19:16:31,968 - INFO - Skipping duplicate attendance for thoeurn ratha (cooldown active)
2025-08-26 19:16:34,300 - INFO - Skipping duplicate attendance for thoeurn ratha (cooldown active)
2025-08-26 19:16:34,996 - INFO - Skipping duplicate attendance for thoeurn ratha (cooldown active)
2025-08-26 19:16:35,698 - INFO - Skipping duplicate attendance for thoeurn ratha (cooldown active)
2025-08-26 19:16:36,633 - INFO - Skipping duplicate attendance for thoeurn ratha (cooldown active)
2025-08-26 19:16:37,324 - INFO - Skipping duplicate attendance for thoeurn ratha (cooldown active)
2025-08-26 19:16:38,029 - INFO - Skipping duplicate attendance for thoeurn ratha (cooldown active)
2025-08-26 19:16:38,714 - INFO - Skipping duplicate attendance for thoeurn ratha (cooldown active)
2025-08-26 19:16:39,470 - INFO - Skipping duplicate attendance for thoeurn ratha (cooldown active)
2025-08-26 19:16:40,165 - INFO - Skipping duplicate attendance for thoeurn ratha (cooldown active)
2025-08-26 19:16:40,895 - INFO - Skipping duplicate attendance for thoeurn ratha (cooldown active)
2025-08-26 19:16:41,586 - INFO - Skipping duplicate attendance for thoeurn ratha (cooldown active)
2025-08-26 19:16:42,790 - INFO - Skipping duplicate attendance for thoeurn ratha (cooldown active)
2025-08-26 19:16:43,078 - INFO - Staff data unchanged, skipping refresh
2025-08-26 19:16:43,630 - INFO - Skipping duplicate attendance for thoeurn ratha (cooldown active)
2025-08-26 19:16:44,355 - INFO - ✓ Attendance recorded: thoeurn ratha - check-in at 2025-08-26T19:16:44.350246
2025-08-26 19:16:45,096 - INFO - Skipping duplicate attendance for thoeurn ratha (cooldown active)
2025-08-26 19:16:46,029 - INFO - Skipping duplicate attendance for thoeurn ratha (cooldown active)
2025-08-26 19:16:46,716 - INFO - Skipping duplicate attendance for thoeurn ratha (cooldown active)
2025-08-26 19:16:47,418 - INFO - Skipping duplicate attendance for thoeurn ratha (cooldown active)
2025-08-26 19:16:48,597 - INFO - Skipping duplicate attendance for thoeurn ratha (cooldown active)
2025-08-26 19:16:49,611 - INFO - Skipping duplicate attendance for thoeurn ratha (cooldown active)
2025-08-26 19:16:51,177 - INFO - Skipping duplicate attendance for thoeurn ratha (cooldown active)
2025-08-26 19:16:51,893 - INFO - Skipping duplicate attendance for thoeurn ratha (cooldown active)
